        -:    0:Source:s21_ceil.c
        -:    1:#include "s21_math.h"
        -:    2:
       18:    3:long double s21_ceil(double x) {
       18:    4:    double result = 0;
       18:    5:    int check_minus = 0;
        -:    6:
       18:    7:    if (x < 0) {
        6:    8:        x = -x;
        6:    9:        check_minus = 1;
        -:   10:    }
        -:   11:
       51:   12:    while (result < x) {
       33:   13:        result++;
        -:   14:    }
       18:   15:    check_minus == 1 && s21_abs(x) != x ? result-- : 0;
       18:   16:    check_minus == 1 ? result = -result : 0;
       18:   17:    return (long double) result;
        -:   18:} // возвращает ближайшее целое число, не меньшее заданного значения
