        -:    0:Source:s21_pow.c
        -:    1:#include "s21_math.h"
        -:    2:
        5:    3:long double s21_pow(double x, double y) {
        5:    4:    long double result = 0;
        5:    5:    int sign = x < 0 && s21_fmod(y, 2) == 1 ? -1 : 1;
        5:    6:    x = x < 0 ? -x : x;
        5:    7:    if (y < 0) {
        -:    8:        // y = -y;
    #####:    9:        x =  1 / x;
        -:   10:    }
        -:   11:    // printf("\t[DEBUG] x = %lf\ty = %lf\n", x, y);
        5:   12:    result = s21_exp(y * (double) s21_log(x));
        -:   13:
        5:   14:    return sign * result;
        -:   15:} // x^y = e^(y*ln(x))
