        -:    0:Source:s21_cos.c
        -:    1:#include "s21_math.h"
        -:    2:
       14:    3:long double s21_cos(double x) {
       16:    4:    while (s21_fabs(x) > 2 * S21_PI)
        2:    5:        if (x > 0) {
        1:    6:            x -= 2 * S21_PI;
        -:    7:        } else {
        1:    8:            x += 2 * S21_PI;
        -:    9:        }
       14:   10:    int sign = 1;
       14:   11:    (x > S21_PI / 2 && x < 3 * S21_PI / 2) ? sign = -1: 0;
       14:   12:    return sign * s21_sqrt(1 - pow_integer((double) s21_sin(x), 2));
        -:   13:}
