        -:    0:Source:s21_sqrt.c
        -:    1:#include "s21_math.h"
        -:    2:
       19:    3:long double s21_sqrt(double x) {
       19:    4:    long double result = 0;
       19:    5:    long double temp = x;
       19:    6:    if (x < 0) {
        1:    7:        result = S21_NAN;
       18:    8:    } else if (x == 0) {
        1:    9:        result = 0;
        -:   10:    } else {
       17:   11:        result = 0.5 * (temp + x / temp);
       82:   12:        while (temp != result) {
       65:   13:            temp = result;
       65:   14:            result = 0.5 * (temp + x / temp);
        -:   15://        printf("\t[DEBUG] result = %Lf\n", result);
        -:   16:        }
       17:   17:        result = temp;
        -:   18:    }
       19:   19:    return result;
        -:   20:}
