        -:    0:Source:s21_asin.c
        -:    1:#include "s21_math.h"
        -:    2:
        9:    3:long double s21_asin(double x) {
        9:    4:    long double result = x;
        9:    5:    if (s21_fabs(x) < 1) {
      600:    6:        for (int i = 1; i < 100; i++) {
      594:    7:            result += ((double_factorial((2 * i - 1))) / double_factorial((2 * i))) *
      594:    8:                      (pow_integer(x, 2 * i + 1) / (2 * i + 1));
        -:    9:        }
        3:   10:    } else if (s21_fabs(x) == 1) {
        2:   11:        result = x == 1 ? S21_PI / 2 : -S21_PI / 2;
        -:   12:    } else {
        1:   13:        result = S21_NAN;
        -:   14:    }
        9:   15:    return result;
        -:   16:}
