        -:    0:Source:s21_acos.c
        -:    1:#include "s21_math.h"
        -:    2:
        6:    3:long double s21_acos(double x) {
        6:    4:    long double result = x;
        6:    5:    if (s21_fabs(x) < 1) {
        3:    6:        result = S21_PI / 2 - s21_asin(x);
        3:    7:    } else if (s21_fabs(x) == 1) {
        2:    8:        result = x == 1 ? 0 : S21_PI;
        -:    9:    } else {
        1:   10:        result = S21_NAN;
        -:   11:    }
        6:   12:    return result;
        -:   13:}
